#-----------------------------------------------------------
# Vivado v2018.2.1 (64-bit)
# SW Build 2288692 on Thu Jul 26 18:24:02 MDT 2018
# IP Build 2289599 on Thu Jul 26 21:09:20 MDT 2018
# Start of session at: Fri Nov 30 10:49:49 2018
# Process ID: 8120
# Current directory: Y:/
# Command line: vivado.exe -gui_launcher_event rodinguilauncherevent9956 Y:\Final_Project.xpr
# Log file: Y:/vivado.log
# Journal file: Y:/vivado.jou
#-----------------------------------------------------------
start_gui
open_project Y:/Final_Project.xpr
Scanning sources...
Finished scanning sources
INFO: [IP_Flow 19-234] Refreshing IP repositories
INFO: [IP_Flow 19-1704] No user IP repositories specified
INFO: [IP_Flow 19-2313] Loaded Vivado IP repository 'C:/Xilinx/Vivado/2018.2/data/ip'.
open_project: Time (s): cpu = 00:00:10 ; elapsed = 00:00:06 . Memory (MB): peak = 788.770 ; gain = 53.102
update_compile_order -fileset sources_1
exit
INFO: [Common 17-206] Exiting Vivado at Fri Nov 30 10:50:38 2018...
