#-----------------------------------------------------------
# Vivado v2018.2.1 (64-bit)
# SW Build 2288692 on Thu Jul 26 18:24:02 MDT 2018
# IP Build 2289599 on Thu Jul 26 21:09:20 MDT 2018
# Start of session at: Fri Nov 30 09:08:49 2018
# Process ID: 10780
# Current directory: Y:/
# Command line: vivado.exe -gui_launcher_event rodinguilauncherevent8120 Y:\Final_Project.xpr
# Log file: Y:/vivado.log
# Journal file: Y:/vivado.jou
#-----------------------------------------------------------
start_gui
open_project Y:/Final_Project.xpr
INFO: [Project 1-313] Project file moved from 'Z:/Final/Final_Project' since last save.
Scanning sources...
Finished scanning sources
INFO: [IP_Flow 19-234] Refreshing IP repositories
INFO: [IP_Flow 19-1704] No user IP repositories specified
INFO: [IP_Flow 19-2313] Loaded Vivado IP repository 'C:/Xilinx/Vivado/2018.2/data/ip'.
open_project: Time (s): cpu = 00:00:09 ; elapsed = 00:00:05 . Memory (MB): peak = 782.684 ; gain = 67.047
update_compile_order -fileset sources_1
update_compile_order -fileset sources_1
update_compile_order -fileset sources_1
update_compile_order -fileset sources_1
update_compile_order -fileset sources_1
export_ip_user_files -of_objects  [get_files Y:/Final_Project.srcs/sources_1/new/guess.vhd] -no_script -reset -force -quiet
remove_files  Y:/Final_Project.srcs/sources_1/new/guess.vhd
close [ open Y:/Final_Project.srcs/sources_1/new/keyboard_top.vhd w ]
add_files Y:/Final_Project.srcs/sources_1/new/keyboard_top.vhd
update_compile_order -fileset sources_1
update_compile_order -fileset sources_1
close [ open Y:/Final_Project.srcs/sources_1/new/clkdiv2.vhd w ]
add_files Y:/Final_Project.srcs/sources_1/new/clkdiv2.vhd
update_compile_order -fileset sources_1
close [ open Y:/Final_Project.srcs/sources_1/new/x7segbc.vhd w ]
add_files Y:/Final_Project.srcs/sources_1/new/x7segbc.vhd
update_compile_order -fileset sources_1
close [ open Y:/Final_Project.srcs/sources_1/new/vga_components.vhd w ]
add_files Y:/Final_Project.srcs/sources_1/new/vga_components.vhd
update_compile_order -fileset sources_1
update_compile_order -fileset sources_1
exit
INFO: [Common 17-206] Exiting Vivado at Fri Nov 30 10:49:29 2018...
